[17:47:53] This is snippy 4.4.0
[17:47:53] Written by Torsten Seemann
[17:47:53] Obtained from https://github.com/tseemann/snippy
[17:47:53] Detected operating system: darwin
[17:47:53] Enabling bundled darwin tools.
[17:47:53] Found bwa - /anaconda3/envs/snippy/bin/bwa
[17:47:53] Found bcftools - /anaconda3/envs/snippy/bin/bcftools
[17:47:53] Found samtools - /anaconda3/envs/snippy/bin/samtools
[17:47:53] Found java - /anaconda3/envs/snippy/bin/java
[17:47:53] Found snpEff - /anaconda3/envs/snippy/bin/snpEff
[17:47:53] Found samclip - /anaconda3/envs/snippy/bin/samclip
[17:47:53] Found seqtk - /anaconda3/envs/snippy/bin/seqtk
[17:47:53] Found parallel - /anaconda3/envs/snippy/bin/parallel
[17:47:53] Found freebayes - /anaconda3/envs/snippy/bin/freebayes
[17:47:53] Found freebayes-parallel - /anaconda3/envs/snippy/bin/freebayes-parallel
[17:47:53] Found fasta_generate_regions.py - /anaconda3/envs/snippy/bin/fasta_generate_regions.py
[17:47:53] Found vcfstreamsort - /anaconda3/envs/snippy/bin/vcfstreamsort
[17:47:53] Found vcfuniq - /anaconda3/envs/snippy/bin/vcfuniq
[17:47:53] Found vcffirstheader - /anaconda3/envs/snippy/bin/vcffirstheader
[17:47:54] Found gzip - /usr/bin/gzip
[17:47:54] Found vt - /anaconda3/envs/snippy/bin/vt
[17:47:54] Found snippy-vcf_to_tab - /anaconda3/envs/snippy/bin/snippy-vcf_to_tab
[17:47:54] Found snippy-vcf_report - /anaconda3/envs/snippy/bin/snippy-vcf_report
[17:47:54] Checking version: samtools --version is >= 1.7 - ok, have 1.9
[17:47:54] Checking version: bcftools --version is >= 1.7 - ok, have 1.9
[17:47:54] Checking version: freebayes --version is >= 1.1 - ok, have 1.3
[17:47:54] Checking version: snpEff -version is >= 4.3 - ok, have 4.3
[17:47:54] Using reference: /Data_analysis/Ref_database/NCBI/Klebsiella_pneumoniae_HS11286_ncbi/GCF_000240185.1_ASM24018v2_genomic.gbff
[17:47:54] Treating reference as 'genbank' format.
[17:47:54] Will use 8 CPU cores.
[17:47:54] Using read file: /Data_analysis/k.pnuemoniae_divergetn_mic/fastq_database/39401_fq/39401_trimed_1P.fq.gz
[17:47:54] Using read file: /Data_analysis/k.pnuemoniae_divergetn_mic/fastq_database/39401_fq/39401_trimed_2P.fq.gz
[17:47:54] Used --force, will overwrite existing 39401_mutations
[17:47:54] Changing working directory: 39401_mutations
[17:47:54] Creating reference folder: reference
[17:47:54] Extracting FASTA and GFF from reference.
[17:47:57] Wrote 7 sequences to ref.fa
[17:47:57] Wrote 5867 features to ref.gff
[17:47:57] Creating reference/snpeff.config
[17:47:57] Freebayes will process 15 chunks of 385178 bp, 8 chunks at a time.
[17:47:57] Using BAM RG (Read Group) ID: 39401_mutations
[17:47:57] Running: samtools faidx reference/ref.fa 2>> snps.log
[17:47:57] Running: bwa index reference/ref.fa 2>> snps.log
[17:48:00] Running: mkdir -p reference/genomes && cp -f reference/ref.fa reference/genomes/ref.fa 2>> snps.log
[17:48:00] Running: ln -sf reference/ref.fa . 2>> snps.log
[17:48:00] Running: ln -sf reference/ref.fa.fai . 2>> snps.log
[17:48:00] Running: mkdir -p reference/ref && gzip -c reference/ref.gff > reference/ref/genes.gff.gz 2>> snps.log
[17:48:00] Running: snpEff build -c reference/snpeff.config -dataDir . -gff3 ref 2>> snps.log
[17:48:05] Running: bwa mem  -Y -M -R '@RG\tID:39401_mutations\tSM:39401_mutations' -t 8 reference/ref.fa /Data_analysis/k.pnuemoniae_divergetn_mic/fastq_database/39401_fq/39401_trimed_1P.fq.gz /Data_analysis/k.pnuemoniae_divergetn_mic/fastq_database/39401_fq/39401_trimed_2P.fq.gz | samclip --max 10 --ref reference/ref.fa.fai | samtools sort -n -l 0 -T /private/var/folders/c4/_myfhb4s6vxb6v_7gcgb1y740000gn/T --threads 8 -m 500M | samtools fixmate -m - - | samtools sort -l 0 -T /private/var/folders/c4/_myfhb4s6vxb6v_7gcgb1y740000gn/T --threads 8 -m 500M | samtools markdup -T /private/var/folders/c4/_myfhb4s6vxb6v_7gcgb1y740000gn/T -r -s - - > snps.bam 2>> snps.log
[M::bwa_idx_load_from_disk] read 0 ALT contigs
[samclip] samclip 0.2 by Torsten Seemann (@torstenseemann)
[samclip] Loading: reference/ref.fa.fai
[samclip] Found 7 sequences in reference/ref.fa.fai
[M::process] read 533934 sequences (80000209 bp)...
[M::process] read 533934 sequences (80000034 bp)...
[M::mem_pestat] # candidate unique pairs for (FF, FR, RF, RR): (1, 219199, 25, 0)
[M::mem_pestat] skip orientation FF as there are not enough pairs
[M::mem_pestat] analyzing insert size distribution for orientation FR...
[M::mem_pestat] (25, 50, 75) percentile: (272, 307, 344)
[M::mem_pestat] low and high boundaries for computing mean and std.dev: (128, 488)
[M::mem_pestat] mean and std.dev: (308.56, 55.10)
[M::mem_pestat] low and high boundaries for proper pairs: (56, 560)
[M::mem_pestat] analyzing insert size distribution for orientation RF...
[M::mem_pestat] (25, 50, 75) percentile: (241, 332, 2813)
[M::mem_pestat] low and high boundaries for computing mean and std.dev: (1, 7957)
[M::mem_pestat] mean and std.dev: (1090.86, 2055.61)
[M::mem_pestat] low and high boundaries for proper pairs: (1, 10529)
[M::mem_pestat] skip orientation RR as there are not enough pairs
[M::mem_pestat] skip orientation RF
[M::mem_process_seqs] Processed 533934 reads in 54.085 CPU sec, 15.836 real sec
[samclip] Processed 100000 records...
[samclip] Processed 200000 records...
[samclip] Processed 300000 records...
[samclip] Processed 400000 records...
[samclip] Processed 500000 records...
[M::process] read 533934 sequences (80000190 bp)...
[M::mem_pestat] # candidate unique pairs for (FF, FR, RF, RR): (0, 219046, 24, 0)
[M::mem_pestat] skip orientation FF as there are not enough pairs
[M::mem_pestat] analyzing insert size distribution for orientation FR...
[M::mem_pestat] (25, 50, 75) percentile: (271, 307, 344)
[M::mem_pestat] low and high boundaries for computing mean and std.dev: (125, 490)
[M::mem_pestat] mean and std.dev: (308.31, 55.15)
[M::mem_pestat] low and high boundaries for proper pairs: (52, 563)
[M::mem_pestat] analyzing insert size distribution for orientation RF...
[M::mem_pestat] (25, 50, 75) percentile: (421, 2812, 7392)
[M::mem_pestat] low and high boundaries for computing mean and std.dev: (1, 21334)
[M::mem_pestat] mean and std.dev: (3850.75, 3486.12)
[M::mem_pestat] low and high boundaries for proper pairs: (1, 28305)
[M::mem_pestat] skip orientation RR as there are not enough pairs
[M::mem_pestat] skip orientation RF
[M::mem_process_seqs] Processed 533934 reads in 57.701 CPU sec, 18.218 real sec
[samclip] Processed 600000 records...
[samclip] Processed 700000 records...
[samclip] Processed 800000 records...
[samclip] Processed 900000 records...
[samclip] Processed 1000000 records...
[M::process] read 533948 sequences (80000074 bp)...
[M::mem_pestat] # candidate unique pairs for (FF, FR, RF, RR): (0, 218924, 30, 1)
[M::mem_pestat] skip orientation FF as there are not enough pairs
[M::mem_pestat] analyzing insert size distribution for orientation FR...
[M::mem_pestat] (25, 50, 75) percentile: (271, 306, 343)
[M::mem_pestat] low and high boundaries for computing mean and std.dev: (127, 487)
[M::mem_pestat] mean and std.dev: (307.85, 54.80)
[M::mem_pestat] low and high boundaries for proper pairs: (55, 559)
[M::mem_pestat] analyzing insert size distribution for orientation RF...
[M::mem_pestat] (25, 50, 75) percentile: (327, 1367, 7355)
[M::mem_pestat] low and high boundaries for computing mean and std.dev: (1, 21411)
[M::mem_pestat] mean and std.dev: (3349.93, 3464.55)
[M::mem_pestat] low and high boundaries for proper pairs: (1, 28439)
[M::mem_pestat] skip orientation RR as there are not enough pairs
[M::mem_pestat] skip orientation RF
[M::mem_process_seqs] Processed 533934 reads in 59.402 CPU sec, 22.997 real sec
[samclip] Processed 1100000 records...
[samclip] Processed 1200000 records...
[samclip] Processed 1300000 records...
[samclip] Processed 1400000 records...
[samclip] Processed 1500000 records...
[samclip] Processed 1600000 records...
[M::process] read 533964 sequences (80000101 bp)...
[M::mem_pestat] # candidate unique pairs for (FF, FR, RF, RR): (0, 219125, 15, 1)
[M::mem_pestat] skip orientation FF as there are not enough pairs
[M::mem_pestat] analyzing insert size distribution for orientation FR...
[M::mem_pestat] (25, 50, 75) percentile: (271, 306, 344)
[M::mem_pestat] low and high boundaries for computing mean and std.dev: (125, 490)
[M::mem_pestat] mean and std.dev: (308.04, 55.07)
[M::mem_pestat] low and high boundaries for proper pairs: (52, 563)
[M::mem_pestat] analyzing insert size distribution for orientation RF...
[M::mem_pestat] (25, 50, 75) percentile: (271, 331, 381)
[M::mem_pestat] low and high boundaries for computing mean and std.dev: (51, 601)
[M::mem_pestat] mean and std.dev: (300.14, 83.66)
[M::mem_pestat] low and high boundaries for proper pairs: (1, 711)
[M::mem_pestat] skip orientation RR as there are not enough pairs
[M::mem_pestat] skip orientation RF
[M::mem_process_seqs] Processed 533948 reads in 59.582 CPU sec, 21.289 real sec
[samclip] Processed 1700000 records...
[samclip] Processed 1800000 records...
[samclip] Processed 1900000 records...
[samclip] Processed 2000000 records...
[samclip] Processed 2100000 records...
[M::process] read 533978 sequences (80000117 bp)...
[M::mem_pestat] # candidate unique pairs for (FF, FR, RF, RR): (1, 218546, 27, 0)
[M::mem_pestat] skip orientation FF as there are not enough pairs
[M::mem_pestat] analyzing insert size distribution for orientation FR...
[M::mem_pestat] (25, 50, 75) percentile: (271, 306, 343)
[M::mem_pestat] low and high boundaries for computing mean and std.dev: (127, 487)
[M::mem_pestat] mean and std.dev: (307.60, 54.52)
[M::mem_pestat] low and high boundaries for proper pairs: (55, 559)
[M::mem_pestat] analyzing insert size distribution for orientation RF...
[M::mem_pestat] (25, 50, 75) percentile: (283, 1392, 7284)
[M::mem_pestat] low and high boundaries for computing mean and std.dev: (1, 21286)
[M::mem_pestat] mean and std.dev: (2865.96, 3282.08)
[M::mem_pestat] low and high boundaries for proper pairs: (1, 28287)
[M::mem_pestat] skip orientation RR as there are not enough pairs
[M::mem_pestat] skip orientation RF
[M::mem_process_seqs] Processed 533964 reads in 59.388 CPU sec, 20.499 real sec
[samclip] Processed 2200000 records...
[samclip] Processed 2300000 records...
[samclip] Processed 2400000 records...
[samclip] Processed 2500000 records...
[samclip] Processed 2600000 records...
[M::process] read 533986 sequences (80000269 bp)...
[M::mem_pestat] # candidate unique pairs for (FF, FR, RF, RR): (0, 218727, 29, 0)
[M::mem_pestat] skip orientation FF as there are not enough pairs
[M::mem_pestat] analyzing insert size distribution for orientation FR...
[M::mem_pestat] (25, 50, 75) percentile: (271, 307, 343)
[M::mem_pestat] low and high boundaries for computing mean and std.dev: (127, 487)
[M::mem_pestat] mean and std.dev: (307.97, 54.53)
[M::mem_pestat] low and high boundaries for proper pairs: (55, 559)
[M::mem_pestat] analyzing insert size distribution for orientation RF...
[M::mem_pestat] (25, 50, 75) percentile: (426, 2769, 7352)
[M::mem_pestat] low and high boundaries for computing mean and std.dev: (1, 21204)
[M::mem_pestat] mean and std.dev: (3318.93, 3240.39)
[M::mem_pestat] low and high boundaries for proper pairs: (1, 28130)
[M::mem_pestat] skip orientation RR as there are not enough pairs
[M::mem_pestat] skip orientation RF
[M::mem_process_seqs] Processed 533978 reads in 59.542 CPU sec, 19.328 real sec
[samclip] Processed 2700000 records...
[samclip] Processed 2800000 records...
[samclip] Processed 2900000 records...
[samclip] Processed 3000000 records...
[samclip] Processed 3100000 records...
[samclip] Processed 3200000 records...
[M::process] read 534304 sequences (80000083 bp)...
[M::mem_pestat] # candidate unique pairs for (FF, FR, RF, RR): (1, 218536, 19, 0)
[M::mem_pestat] skip orientation FF as there are not enough pairs
[M::mem_pestat] analyzing insert size distribution for orientation FR...
[M::mem_pestat] (25, 50, 75) percentile: (271, 306, 343)
[M::mem_pestat] low and high boundaries for computing mean and std.dev: (127, 487)
[M::mem_pestat] mean and std.dev: (307.55, 54.71)
[M::mem_pestat] low and high boundaries for proper pairs: (55, 559)
[M::mem_pestat] analyzing insert size distribution for orientation RF...
[M::mem_pestat] (25, 50, 75) percentile: (342, 1483, 2910)
[M::mem_pestat] low and high boundaries for computing mean and std.dev: (1, 8046)
[M::mem_pestat] mean and std.dev: (2229.56, 2464.22)
[M::mem_pestat] low and high boundaries for proper pairs: (1, 12086)
[M::mem_pestat] skip orientation RR as there are not enough pairs
[M::mem_pestat] skip orientation RF
[M::mem_process_seqs] Processed 533986 reads in 60.872 CPU sec, 20.169 real sec
[samclip] Processed 3300000 records...
[samclip] Processed 3400000 records...
[samclip] Processed 3500000 records...
[samclip] Processed 3600000 records...
[samclip] Processed 3700000 records...
[M::process] read 534262 sequences (80000210 bp)...
[M::mem_pestat] # candidate unique pairs for (FF, FR, RF, RR): (0, 219487, 28, 0)
[M::mem_pestat] skip orientation FF as there are not enough pairs
[M::mem_pestat] analyzing insert size distribution for orientation FR...
[M::mem_pestat] (25, 50, 75) percentile: (271, 306, 343)
[M::mem_pestat] low and high boundaries for computing mean and std.dev: (127, 487)
[M::mem_pestat] mean and std.dev: (307.88, 54.30)
[M::mem_pestat] low and high boundaries for proper pairs: (55, 559)
[M::mem_pestat] analyzing insert size distribution for orientation RF...
[M::mem_pestat] (25, 50, 75) percentile: (246, 398, 7350)
[M::mem_pestat] low and high boundaries for computing mean and std.dev: (1, 21558)
[M::mem_pestat] mean and std.dev: (2596.68, 3172.56)
[M::mem_pestat] low and high boundaries for proper pairs: (1, 28662)
[M::mem_pestat] skip orientation RR as there are not enough pairs
[M::mem_pestat] skip orientation RF
[M::mem_process_seqs] Processed 534304 reads in 63.051 CPU sec, 21.165 real sec
[samclip] Processed 3800000 records...
[samclip] Processed 3900000 records...
[samclip] Processed 4000000 records...
[samclip] Processed 4100000 records...
[samclip] Processed 4200000 records...
[M::process] read 534154 sequences (80000020 bp)...
[M::mem_pestat] # candidate unique pairs for (FF, FR, RF, RR): (1, 219086, 40, 1)
[M::mem_pestat] skip orientation FF as there are not enough pairs
[M::mem_pestat] analyzing insert size distribution for orientation FR...
[M::mem_pestat] (25, 50, 75) percentile: (271, 306, 343)
[M::mem_pestat] low and high boundaries for computing mean and std.dev: (127, 487)
[M::mem_pestat] mean and std.dev: (307.47, 54.50)
[M::mem_pestat] low and high boundaries for proper pairs: (55, 559)
[M::mem_pestat] analyzing insert size distribution for orientation RF...
[M::mem_pestat] (25, 50, 75) percentile: (408, 2782, 7335)
[M::mem_pestat] low and high boundaries for computing mean and std.dev: (1, 21189)
[M::mem_pestat] mean and std.dev: (3303.53, 3152.93)
[M::mem_pestat] low and high boundaries for proper pairs: (1, 28116)
[M::mem_pestat] skip orientation RR as there are not enough pairs
[M::mem_pestat] skip orientation RF
[M::mem_process_seqs] Processed 534262 reads in 61.418 CPU sec, 20.568 real sec
[samclip] Processed 4300000 records...
[samclip] Processed 4400000 records...
[samclip] Processed 4500000 records...
[samclip] Processed 4600000 records...
[samclip] Processed 4700000 records...
[samclip] Processed 4800000 records...
[M::process] read 534178 sequences (80000235 bp)...
[M::mem_pestat] # candidate unique pairs for (FF, FR, RF, RR): (1, 219293, 22, 0)
[M::mem_pestat] skip orientation FF as there are not enough pairs
[M::mem_pestat] analyzing insert size distribution for orientation FR...
[M::mem_pestat] (25, 50, 75) percentile: (271, 306, 342)
[M::mem_pestat] low and high boundaries for computing mean and std.dev: (129, 484)
[M::mem_pestat] mean and std.dev: (307.12, 54.29)
[M::mem_pestat] low and high boundaries for proper pairs: (58, 555)
[M::mem_pestat] analyzing insert size distribution for orientation RF...
[M::mem_pestat] (25, 50, 75) percentile: (266, 480, 2763)
[M::mem_pestat] low and high boundaries for computing mean and std.dev: (1, 7757)
[M::mem_pestat] mean and std.dev: (1336.70, 2158.89)
[M::mem_pestat] low and high boundaries for proper pairs: (1, 10254)
[M::mem_pestat] skip orientation RR as there are not enough pairs
[M::mem_pestat] skip orientation RF
[M::mem_process_seqs] Processed 534154 reads in 61.198 CPU sec, 20.792 real sec
[samclip] Processed 4900000 records...
[samclip] Processed 5000000 records...
[samclip] Processed 5100000 records...
[samclip] Processed 5200000 records...
[samclip] Processed 5300000 records...
[M::process] read 534200 sequences (80000135 bp)...
[M::mem_pestat] # candidate unique pairs for (FF, FR, RF, RR): (0, 218840, 31, 0)
[M::mem_pestat] skip orientation FF as there are not enough pairs
[M::mem_pestat] analyzing insert size distribution for orientation FR...
[M::mem_pestat] (25, 50, 75) percentile: (270, 305, 342)
[M::mem_pestat] low and high boundaries for computing mean and std.dev: (126, 486)
[M::mem_pestat] mean and std.dev: (306.65, 54.36)
[M::mem_pestat] low and high boundaries for proper pairs: (54, 558)
[M::mem_pestat] analyzing insert size distribution for orientation RF...
[M::mem_pestat] (25, 50, 75) percentile: (304, 2793, 7291)
[M::mem_pestat] low and high boundaries for computing mean and std.dev: (1, 21265)
[M::mem_pestat] mean and std.dev: (3121.65, 3172.23)
[M::mem_pestat] low and high boundaries for proper pairs: (1, 28252)
[M::mem_pestat] skip orientation RR as there are not enough pairs
[M::mem_pestat] skip orientation RF
[M::mem_process_seqs] Processed 534178 reads in 61.450 CPU sec, 21.562 real sec
[samclip] Processed 5400000 records...
[samclip] Processed 5500000 records...
[samclip] Processed 5600000 records...
[samclip] Processed 5700000 records...
[samclip] Processed 5800000 records...
[M::process] read 534210 sequences (80000184 bp)...
[M::mem_pestat] # candidate unique pairs for (FF, FR, RF, RR): (0, 218896, 27, 0)
[M::mem_pestat] skip orientation FF as there are not enough pairs
[M::mem_pestat] analyzing insert size distribution for orientation FR...
[M::mem_pestat] (25, 50, 75) percentile: (270, 305, 342)
[M::mem_pestat] low and high boundaries for computing mean and std.dev: (126, 486)
[M::mem_pestat] mean and std.dev: (306.38, 54.55)
[M::mem_pestat] low and high boundaries for proper pairs: (54, 558)
[M::mem_pestat] analyzing insert size distribution for orientation RF...
[M::mem_pestat] (25, 50, 75) percentile: (244, 334, 7360)
[M::mem_pestat] low and high boundaries for computing mean and std.dev: (1, 21592)
[M::mem_pestat] mean and std.dev: (2731.19, 3549.60)
[M::mem_pestat] low and high boundaries for proper pairs: (1, 28708)
[M::mem_pestat] skip orientation RR as there are not enough pairs
[M::mem_pestat] skip orientation RF
[M::mem_process_seqs] Processed 534200 reads in 61.909 CPU sec, 21.687 real sec
[samclip] Processed 5900000 records...
[samclip] Processed 6000000 records...
[samclip] Processed 6100000 records...
[samclip] Processed 6200000 records...
[samclip] Processed 6300000 records...
[samclip] Processed 6400000 records...
[M::process] read 534060 sequences (80000033 bp)...
[M::mem_pestat] # candidate unique pairs for (FF, FR, RF, RR): (0, 218618, 21, 0)
[M::mem_pestat] skip orientation FF as there are not enough pairs
[M::mem_pestat] analyzing insert size distribution for orientation FR...
[M::mem_pestat] (25, 50, 75) percentile: (270, 305, 341)
[M::mem_pestat] low and high boundaries for computing mean and std.dev: (128, 483)
[M::mem_pestat] mean and std.dev: (306.26, 54.12)
[M::mem_pestat] low and high boundaries for proper pairs: (57, 554)
[M::mem_pestat] analyzing insert size distribution for orientation RF...
[M::mem_pestat] (25, 50, 75) percentile: (271, 297, 2628)
[M::mem_pestat] low and high boundaries for computing mean and std.dev: (1, 7342)
[M::mem_pestat] mean and std.dev: (1091.89, 1673.19)
[M::mem_pestat] low and high boundaries for proper pairs: (1, 9699)
[M::mem_pestat] skip orientation RR as there are not enough pairs
[M::mem_pestat] skip orientation RF
[M::mem_process_seqs] Processed 534210 reads in 61.300 CPU sec, 20.635 real sec
[samclip] Processed 6500000 records...
[samclip] Processed 6600000 records...
[samclip] Processed 6700000 records...
[samclip] Processed 6800000 records...
[samclip] Processed 6900000 records...
[M::process] read 533986 sequences (80000111 bp)...
[M::mem_pestat] # candidate unique pairs for (FF, FR, RF, RR): (0, 218754, 27, 0)
[M::mem_pestat] skip orientation FF as there are not enough pairs
[M::mem_pestat] analyzing insert size distribution for orientation FR...
[M::mem_pestat] (25, 50, 75) percentile: (271, 306, 343)
[M::mem_pestat] low and high boundaries for computing mean and std.dev: (127, 487)
[M::mem_pestat] mean and std.dev: (307.30, 54.67)
[M::mem_pestat] low and high boundaries for proper pairs: (55, 559)
[M::mem_pestat] analyzing insert size distribution for orientation RF...
[M::mem_pestat] (25, 50, 75) percentile: (320, 1398, 7303)
[M::mem_pestat] low and high boundaries for computing mean and std.dev: (1, 21269)
[M::mem_pestat] mean and std.dev: (2842.15, 3165.74)
[M::mem_pestat] low and high boundaries for proper pairs: (1, 28252)
[M::mem_pestat] skip orientation RR as there are not enough pairs
[M::mem_pestat] skip orientation RF
[M::mem_process_seqs] Processed 534060 reads in 57.606 CPU sec, 18.052 real sec
[samclip] Processed 7000000 records...
[samclip] Processed 7100000 records...
[samclip] Processed 7200000 records...
[samclip] Processed 7300000 records...
[samclip] Processed 7400000 records...
[M::process] read 533972 sequences (80000122 bp)...
[M::mem_pestat] # candidate unique pairs for (FF, FR, RF, RR): (0, 218461, 23, 1)
[M::mem_pestat] skip orientation FF as there are not enough pairs
[M::mem_pestat] analyzing insert size distribution for orientation FR...
[M::mem_pestat] (25, 50, 75) percentile: (271, 306, 343)
[M::mem_pestat] low and high boundaries for computing mean and std.dev: (127, 487)
[M::mem_pestat] mean and std.dev: (307.24, 54.75)
[M::mem_pestat] low and high boundaries for proper pairs: (55, 559)
[M::mem_pestat] analyzing insert size distribution for orientation RF...
[M::mem_pestat] (25, 50, 75) percentile: (414, 423, 2849)
[M::mem_pestat] low and high boundaries for computing mean and std.dev: (1, 7719)
[M::mem_pestat] mean and std.dev: (1100.71, 1127.96)
[M::mem_pestat] low and high boundaries for proper pairs: (1, 10154)
[M::mem_pestat] skip orientation RR as there are not enough pairs
[M::mem_pestat] skip orientation RF
[M::mem_process_seqs] Processed 533986 reads in 57.131 CPU sec, 17.439 real sec
[samclip] Processed 7500000 records...
[samclip] Processed 7600000 records...
[samclip] Processed 7700000 records...
[samclip] Processed 7800000 records...
[samclip] Processed 7900000 records...
[samclip] Processed 8000000 records...
[M::process] read 533954 sequences (80000196 bp)...
[M::mem_pestat] # candidate unique pairs for (FF, FR, RF, RR): (2, 218813, 25, 0)
[M::mem_pestat] skip orientation FF as there are not enough pairs
[M::mem_pestat] analyzing insert size distribution for orientation FR...
[M::mem_pestat] (25, 50, 75) percentile: (271, 306, 344)
[M::mem_pestat] low and high boundaries for computing mean and std.dev: (125, 490)
[M::mem_pestat] mean and std.dev: (307.91, 54.97)
[M::mem_pestat] low and high boundaries for proper pairs: (52, 563)
[M::mem_pestat] analyzing insert size distribution for orientation RF...
[M::mem_pestat] (25, 50, 75) percentile: (285, 384, 1524)
[M::mem_pestat] low and high boundaries for computing mean and std.dev: (1, 4002)
[M::mem_pestat] mean and std.dev: (694.50, 794.03)
[M::mem_pestat] low and high boundaries for proper pairs: (1, 5241)
[M::mem_pestat] skip orientation RR as there are not enough pairs
[M::mem_pestat] skip orientation RF
[M::mem_process_seqs] Processed 533972 reads in 56.670 CPU sec, 17.466 real sec
[samclip] Processed 8100000 records...
[samclip] Processed 8200000 records...
[samclip] Processed 8300000 records...
[samclip] Processed 8400000 records...
[samclip] Processed 8500000 records...
[M::process] read 533946 sequences (80000030 bp)...
[M::mem_pestat] # candidate unique pairs for (FF, FR, RF, RR): (1, 219080, 24, 0)
[M::mem_pestat] skip orientation FF as there are not enough pairs
[M::mem_pestat] analyzing insert size distribution for orientation FR...
[M::mem_pestat] (25, 50, 75) percentile: (271, 306, 343)
[M::mem_pestat] low and high boundaries for computing mean and std.dev: (127, 487)
[M::mem_pestat] mean and std.dev: (307.43, 54.81)
[M::mem_pestat] low and high boundaries for proper pairs: (55, 559)
[M::mem_pestat] analyzing insert size distribution for orientation RF...
[M::mem_pestat] (25, 50, 75) percentile: (260, 422, 2781)
[M::mem_pestat] low and high boundaries for computing mean and std.dev: (1, 7823)
[M::mem_pestat] mean and std.dev: (1283.71, 2086.61)
[M::mem_pestat] low and high boundaries for proper pairs: (1, 10344)
[M::mem_pestat] skip orientation RR as there are not enough pairs
[M::mem_pestat] skip orientation RF
[M::mem_process_seqs] Processed 533954 reads in 55.942 CPU sec, 17.494 real sec
[samclip] Processed 8600000 records...
[samclip] Processed 8700000 records...
[samclip] Processed 8800000 records...
[samclip] Processed 8900000 records...
[samclip] Processed 9000000 records...
[M::process] read 533934 sequences (80000293 bp)...
[M::mem_pestat] # candidate unique pairs for (FF, FR, RF, RR): (0, 219020, 35, 0)
[M::mem_pestat] skip orientation FF as there are not enough pairs
[M::mem_pestat] analyzing insert size distribution for orientation FR...
[M::mem_pestat] (25, 50, 75) percentile: (271, 306, 343)
[M::mem_pestat] low and high boundaries for computing mean and std.dev: (127, 487)
[M::mem_pestat] mean and std.dev: (307.93, 54.86)
[M::mem_pestat] low and high boundaries for proper pairs: (55, 559)
[M::mem_pestat] analyzing insert size distribution for orientation RF...
[M::mem_pestat] (25, 50, 75) percentile: (316, 470, 2792)
[M::mem_pestat] low and high boundaries for computing mean and std.dev: (1, 7744)
[M::mem_pestat] mean and std.dev: (1417.47, 1842.87)
[M::mem_pestat] low and high boundaries for proper pairs: (1, 10220)
[M::mem_pestat] skip orientation RR as there are not enough pairs
[M::mem_pestat] skip orientation RF
[M::mem_process_seqs] Processed 533946 reads in 55.802 CPU sec, 17.337 real sec
[samclip] Processed 9100000 records...
[samclip] Processed 9200000 records...
[samclip] Processed 9300000 records...
[samclip] Processed 9400000 records...
[samclip] Processed 9500000 records...
[samclip] Processed 9600000 records...
[M::process] read 533948 sequences (80000235 bp)...
[M::mem_pestat] # candidate unique pairs for (FF, FR, RF, RR): (0, 219457, 23, 0)
[M::mem_pestat] skip orientation FF as there are not enough pairs
[M::mem_pestat] analyzing insert size distribution for orientation FR...
[M::mem_pestat] (25, 50, 75) percentile: (271, 307, 344)
[M::mem_pestat] low and high boundaries for computing mean and std.dev: (125, 490)
[M::mem_pestat] mean and std.dev: (308.38, 55.25)
[M::mem_pestat] low and high boundaries for proper pairs: (52, 563)
[M::mem_pestat] analyzing insert size distribution for orientation RF...
[M::mem_pestat] (25, 50, 75) percentile: (303, 2624, 7321)
[M::mem_pestat] low and high boundaries for computing mean and std.dev: (1, 21357)
[M::mem_pestat] mean and std.dev: (2994.09, 3173.24)
[M::mem_pestat] low and high boundaries for proper pairs: (1, 28375)
[M::mem_pestat] skip orientation RR as there are not enough pairs
[M::mem_pestat] skip orientation RF
[M::mem_process_seqs] Processed 533934 reads in 56.092 CPU sec, 19.566 real sec
[samclip] Processed 9700000 records...
[samclip] Processed 9800000 records...
[samclip] Processed 9900000 records...
[samclip] Processed 10000000 records...
[samclip] Processed 10100000 records...
[M::process] read 534296 sequences (80000206 bp)...
[M::mem_pestat] # candidate unique pairs for (FF, FR, RF, RR): (0, 218847, 19, 1)
[M::mem_pestat] skip orientation FF as there are not enough pairs
[M::mem_pestat] analyzing insert size distribution for orientation FR...
[M::mem_pestat] (25, 50, 75) percentile: (271, 307, 344)
[M::mem_pestat] low and high boundaries for computing mean and std.dev: (125, 490)
[M::mem_pestat] mean and std.dev: (308.37, 55.12)
[M::mem_pestat] low and high boundaries for proper pairs: (52, 563)
[M::mem_pestat] analyzing insert size distribution for orientation RF...
[M::mem_pestat] (25, 50, 75) percentile: (340, 1475, 7323)
[M::mem_pestat] low and high boundaries for computing mean and std.dev: (1, 21289)
[M::mem_pestat] mean and std.dev: (3508.84, 3419.17)
[M::mem_pestat] low and high boundaries for proper pairs: (1, 28272)
[M::mem_pestat] skip orientation RR as there are not enough pairs
[M::mem_pestat] skip orientation RF
[M::mem_process_seqs] Processed 533948 reads in 56.388 CPU sec, 19.441 real sec
[samclip] Processed 10200000 records...
[samclip] Processed 10300000 records...
[samclip] Processed 10400000 records...
[samclip] Processed 10500000 records...
[samclip] Processed 10600000 records...
[M::process] read 534418 sequences (80000245 bp)...
[M::mem_pestat] # candidate unique pairs for (FF, FR, RF, RR): (0, 218960, 29, 0)
[M::mem_pestat] skip orientation FF as there are not enough pairs
[M::mem_pestat] analyzing insert size distribution for orientation FR...
[M::mem_pestat] (25, 50, 75) percentile: (270, 305, 342)
[M::mem_pestat] low and high boundaries for computing mean and std.dev: (126, 486)
[M::mem_pestat] mean and std.dev: (306.29, 54.34)
[M::mem_pestat] low and high boundaries for proper pairs: (54, 558)
[M::mem_pestat] analyzing insert size distribution for orientation RF...
[M::mem_pestat] (25, 50, 75) percentile: (282, 353, 7367)
[M::mem_pestat] low and high boundaries for computing mean and std.dev: (1, 21537)
[M::mem_pestat] mean and std.dev: (2807.86, 3359.27)
[M::mem_pestat] low and high boundaries for proper pairs: (1, 28622)
[M::mem_pestat] skip orientation RR as there are not enough pairs
[M::mem_pestat] skip orientation RF
[M::mem_process_seqs] Processed 534296 reads in 59.581 CPU sec, 20.112 real sec
[samclip] Processed 10700000 records...
[samclip] Processed 10800000 records...
[samclip] Processed 10900000 records...
[samclip] Processed 11000000 records...
[samclip] Processed 11100000 records...
[M::mem_pestat] # candidate unique pairs for (FF, FR, RF, RR): (0, 218637, 37, 0)
[M::mem_pestat] skip orientation FF as there are not enough pairs
[M::mem_pestat] analyzing insert size distribution for orientation FR...
[M::mem_pestat] (25, 50, 75) percentile: (269, 304, 341)
[M::mem_pestat] low and high boundaries for computing mean and std.dev: (125, 485)
[M::mem_pestat] mean and std.dev: (305.79, 54.19)
[M::mem_pestat] low and high boundaries for proper pairs: (53, 557)
[M::mem_pestat] analyzing insert size distribution for orientation RF...
[M::mem_pestat] (25, 50, 75) percentile: (327, 1381, 7354)
[M::mem_pestat] low and high boundaries for computing mean and std.dev: (1, 21408)
[M::mem_pestat] mean and std.dev: (3335.46, 3470.90)
[M::mem_pestat] low and high boundaries for proper pairs: (1, 28435)
[M::mem_pestat] skip orientation RR as there are not enough pairs
[M::mem_pestat] skip orientation RF
[M::mem_process_seqs] Processed 534418 reads in 63.417 CPU sec, 35.433 real sec
[samclip] Processed 11200000 records...
[samclip] Processed 11300000 records...
[samclip] Processed 11400000 records...
[M::process] read 534200 sequences (80000082 bp)...
[samclip] Processed 11500000 records...
[samclip] Processed 11600000 records...
[samclip] Processed 11700000 records...
[M::process] read 534222 sequences (80000248 bp)...
[M::mem_pestat] # candidate unique pairs for (FF, FR, RF, RR): (1, 218736, 29, 0)
[M::mem_pestat] skip orientation FF as there are not enough pairs
[M::mem_pestat] analyzing insert size distribution for orientation FR...
[M::mem_pestat] (25, 50, 75) percentile: (270, 305, 342)
[M::mem_pestat] low and high boundaries for computing mean and std.dev: (126, 486)
[M::mem_pestat] mean and std.dev: (306.34, 54.35)
[M::mem_pestat] low and high boundaries for proper pairs: (54, 558)
[M::mem_pestat] analyzing insert size distribution for orientation RF...
[M::mem_pestat] (25, 50, 75) percentile: (326, 417, 5854)
[M::mem_pestat] low and high boundaries for computing mean and std.dev: (1, 16910)
[M::mem_pestat] mean and std.dev: (2500.83, 3121.55)
[M::mem_pestat] low and high boundaries for proper pairs: (1, 22438)
[M::mem_pestat] skip orientation RR as there are not enough pairs
[M::mem_pestat] skip orientation RF
[M::mem_process_seqs] Processed 534200 reads in 58.391 CPU sec, 17.301 real sec
[samclip] Processed 11800000 records...
[samclip] Processed 11900000 records...
[samclip] Processed 12000000 records...
[samclip] Processed 12100000 records...
[samclip] Processed 12200000 records...
[samclip] Processed 12300000 records...
[M::process] read 534180 sequences (80000289 bp)...
[M::mem_pestat] # candidate unique pairs for (FF, FR, RF, RR): (1, 219036, 14, 0)
[M::mem_pestat] skip orientation FF as there are not enough pairs
[M::mem_pestat] analyzing insert size distribution for orientation FR...
[M::mem_pestat] (25, 50, 75) percentile: (270, 306, 343)
[M::mem_pestat] low and high boundaries for computing mean and std.dev: (124, 489)
[M::mem_pestat] mean and std.dev: (307.17, 54.80)
[M::mem_pestat] low and high boundaries for proper pairs: (51, 562)
[M::mem_pestat] analyzing insert size distribution for orientation RF...
[M::mem_pestat] (25, 50, 75) percentile: (263, 2794, 7330)
[M::mem_pestat] low and high boundaries for computing mean and std.dev: (1, 21464)
[M::mem_pestat] mean and std.dev: (3032.79, 2954.70)
[M::mem_pestat] low and high boundaries for proper pairs: (1, 28531)
[M::mem_pestat] skip orientation RR as there are not enough pairs
[M::mem_pestat] skip orientation RF
[M::mem_process_seqs] Processed 534222 reads in 59.817 CPU sec, 18.375 real sec
[samclip] Processed 12400000 records...
[samclip] Processed 12500000 records...
[samclip] Processed 12600000 records...
[samclip] Processed 12700000 records...
[samclip] Processed 12800000 records...
[M::process] read 534106 sequences (80000115 bp)...
[M::mem_pestat] # candidate unique pairs for (FF, FR, RF, RR): (1, 219083, 32, 1)
[M::mem_pestat] skip orientation FF as there are not enough pairs
[M::mem_pestat] analyzing insert size distribution for orientation FR...
[M::mem_pestat] (25, 50, 75) percentile: (271, 306, 343)
[M::mem_pestat] low and high boundaries for computing mean and std.dev: (127, 487)
[M::mem_pestat] mean and std.dev: (307.15, 54.47)
[M::mem_pestat] low and high boundaries for proper pairs: (55, 559)
[M::mem_pestat] analyzing insert size distribution for orientation RF...
[M::mem_pestat] (25, 50, 75) percentile: (279, 1394, 7398)
[M::mem_pestat] low and high boundaries for computing mean and std.dev: (1, 21636)
[M::mem_pestat] mean and std.dev: (3214.84, 3438.55)
[M::mem_pestat] low and high boundaries for proper pairs: (1, 28755)
[M::mem_pestat] skip orientation RR as there are not enough pairs
[M::mem_pestat] skip orientation RF
[M::mem_process_seqs] Processed 534180 reads in 58.991 CPU sec, 17.894 real sec
[samclip] Processed 12900000 records...
[samclip] Processed 13000000 records...
[samclip] Processed 13100000 records...
[samclip] Processed 13200000 records...
[samclip] Processed 13300000 records...
[M::process] read 221674 sequences (33202693 bp)...
[M::mem_pestat] # candidate unique pairs for (FF, FR, RF, RR): (0, 219579, 24, 1)
[M::mem_pestat] skip orientation FF as there are not enough pairs
[M::mem_pestat] analyzing insert size distribution for orientation FR...
[M::mem_pestat] (25, 50, 75) percentile: (272, 307, 344)
[M::mem_pestat] low and high boundaries for computing mean and std.dev: (128, 488)
[M::mem_pestat] mean and std.dev: (308.67, 54.96)
[M::mem_pestat] low and high boundaries for proper pairs: (56, 560)
[M::mem_pestat] analyzing insert size distribution for orientation RF...
[M::mem_pestat] (25, 50, 75) percentile: (347, 1416, 7268)
[M::mem_pestat] low and high boundaries for computing mean and std.dev: (1, 21110)
[M::mem_pestat] mean and std.dev: (3188.42, 3394.35)
[M::mem_pestat] low and high boundaries for proper pairs: (1, 28031)
[M::mem_pestat] skip orientation RR as there are not enough pairs
[M::mem_pestat] skip orientation RF
[M::mem_process_seqs] Processed 534106 reads in 55.882 CPU sec, 16.911 real sec
[samclip] Processed 13400000 records...
[samclip] Processed 13500000 records...
[samclip] Processed 13600000 records...
[samclip] Processed 13700000 records...
[M::mem_pestat] # candidate unique pairs for (FF, FR, RF, RR): (1, 91541, 7, 0)
[M::mem_pestat] skip orientation FF as there are not enough pairs
[M::mem_pestat] analyzing insert size distribution for orientation FR...
[M::mem_pestat] (25, 50, 75) percentile: (272, 307, 344)
[M::mem_pestat] low and high boundaries for computing mean and std.dev: (128, 488)
[M::mem_pestat] mean and std.dev: (308.74, 54.71)
[M::mem_pestat] low and high boundaries for proper pairs: (56, 560)
[M::mem_pestat] skip orientation RF as there are not enough pairs
[M::mem_pestat] skip orientation RR as there are not enough pairs
[M::mem_process_seqs] Processed 221674 reads in 23.882 CPU sec, 7.609 real sec
[samclip] Processed 13800000 records...
[samclip] Processed 13900000 records...
[samclip] Processed 14000000 records...
[samclip] Processed 14100000 records...
[main] Version: 0.7.17-r1188
[main] CMD: bwa mem -Y -M -R @RG\tID:39401_mutations\tSM:39401_mutations -t 8 reference/ref.fa /Data_analysis/k.pnuemoniae_divergetn_mic/fastq_database/39401_fq/39401_trimed_1P.fq.gz /Data_analysis/k.pnuemoniae_divergetn_mic/fastq_database/39401_fq/39401_trimed_2P.fq.gz
[main] Real time: 548.894 sec; CPU: 1561.054 sec
[samclip] Total SAM records 14131430, removed 205480, allowed 42469, passed 13925950
[samclip] Header contained 9 lines
[samclip] Done.
[bam_sort_core] merging from 8 files and 8 in-memory blocks...
[bam_sort_core] merging from 8 files and 8 in-memory blocks...
[18:00:34] Running: samtools index snps.bam 2>> snps.log
[18:00:41] Running: fasta_generate_regions.py reference/ref.fa.fai 385178 > reference/ref.txt 2>> snps.log
[18:00:41] Running: freebayes-parallel reference/ref.txt 8 -p 2 -P 0 -C 10 --min-repeat-entropy 1.5 --strict-vcf -q 13 -m 60 --min-coverage 10 -F 0.05  -f reference/ref.fa snps.bam > snps.raw.vcf 2>> snps.log
[18:04:48] Running: bcftools view --include 'FMT/GT="1/1" && QUAL>=100 && FMT/DP>=10 && (FMT/AO)/(FMT/DP)>=0' snps.raw.vcf  | vt normalize -r reference/ref.fa - | bcftools annotate --remove '^INFO/TYPE,^INFO/DP,^INFO/RO,^INFO/AO,^INFO/AB,^FORMAT/GT,^FORMAT/DP,^FORMAT/RO,^FORMAT/AO,^FORMAT/QR,^FORMAT/QA,^FORMAT/GL' > snps.filt.vcf 2>> snps.log
normalize v0.5

options:     input VCF file                                  -
         [o] output VCF file                                 -
         [w] sorting window size                             10000
         [m] no fail on masked reference inconsistency       false
         [n] no fail on reference inconsistency              false
         [q] quiet                                           false
         [d] debug                                           false
         [r] reference FASTA file                            reference/ref.fa


stats: biallelic
          no. left trimmed                      : 20
          no. right trimmed                     : 275
          no. left and right trimmed            : 11
          no. right trimmed and left aligned    : 0
          no. left aligned                      : 0

       total no. biallelic normalized           : 306

       multiallelic
          no. left trimmed                      : 0
          no. right trimmed                     : 0
          no. left and right trimmed            : 0
          no. right trimmed and left aligned    : 0
          no. left aligned                      : 0

       total no. multiallelic normalized        : 0

       total no. variants normalized            : 306
       total no. variants observed              : 4046
       total no. reference observed             : 0

Time elapsed: 0.14s

[18:04:48] Running: snpEff ann -noLog -noStats -no-downstream -no-upstream -no-utr -t -c reference/snpeff.config -dataDir . ref snps.filt.vcf > snps.vcf 2>> snps.log
[18:04:51] Running: /anaconda3/envs/snippy/bin/snippy-vcf_to_tab --gff reference/ref.gff --ref reference/ref.fa --vcf snps.vcf > snps.tab 2>> snps.log
[18:04:55] Running: /anaconda3/envs/snippy/bin/snippy-vcf_extract_subs snps.filt.vcf > snps.subs.vcf 2>> snps.log
[18:04:56] Running: bcftools convert -Oz -o snps.vcf.gz snps.vcf 2>> snps.log
[18:04:56] Running: bcftools index -f snps.vcf.gz 2>> snps.log
[18:04:56] Running: bcftools consensus -f reference/ref.fa -o snps.consensus.fa snps.vcf.gz 2>> snps.log
[18:04:56] Running: bcftools convert -Oz -o snps.subs.vcf.gz snps.subs.vcf 2>> snps.log
[18:04:56] Running: bcftools index -f snps.subs.vcf.gz 2>> snps.log
[18:04:56] Running: bcftools consensus -f reference/ref.fa -o snps.consensus.subs.fa snps.subs.vcf.gz 2>> snps.log
[18:04:56] Running: rm -f snps.subs.vcf.gz snps.subs.vcf.gz.csi snps.subs.vcf.gz.tbi 2>> snps.log
[18:04:56] Generating reference aligned/masked FASTA relative to reference: snps.aligned.fa
[18:05:34] Marked 2488 heterozygous sites with 'n'
[18:05:34] Creating extra output files: BED GFF CSV TXT HTML
[18:05:34] Identified 4046 variants.
[18:05:34] Result folder: 39401_mutations
[18:05:34] Result files:
[18:05:34] * 39401_mutations/snps.aligned.fa
[18:05:34] * 39401_mutations/snps.bam
[18:05:34] * 39401_mutations/snps.bam.bai
[18:05:34] * 39401_mutations/snps.bed
[18:05:34] * 39401_mutations/snps.consensus.fa
[18:05:34] * 39401_mutations/snps.consensus.subs.fa
[18:05:34] * 39401_mutations/snps.csv
[18:05:34] * 39401_mutations/snps.filt.vcf
[18:05:34] * 39401_mutations/snps.gff
[18:05:34] * 39401_mutations/snps.html
[18:05:34] * 39401_mutations/snps.log
[18:05:34] * 39401_mutations/snps.raw.vcf
[18:05:34] * 39401_mutations/snps.subs.vcf
[18:05:34] * 39401_mutations/snps.tab
[18:05:34] * 39401_mutations/snps.txt
[18:05:34] * 39401_mutations/snps.vcf
[18:05:34] * 39401_mutations/snps.vcf.gz
[18:05:34] * 39401_mutations/snps.vcf.gz.csi
[18:05:34] Walltime used: 17 minutes, 41 seconds
[18:05:34] May the SNPs be with you.
[18:05:34] Done.
